#! /c/Source/iverilog-install/bin/vvp
:ivl_version "12.0 (devel)" "(s20150603-1539-g2693dd32b)";
:ivl_delay_selection "TYPICAL";
:vpi_time_precision + 0;
:vpi_module "C:\iverilog\lib\ivl\system.vpi";
:vpi_module "C:\iverilog\lib\ivl\vhdl_sys.vpi";
:vpi_module "C:\iverilog\lib\ivl\vhdl_textio.vpi";
:vpi_module "C:\iverilog\lib\ivl\v2005_math.vpi";
:vpi_module "C:\iverilog\lib\ivl\va_math.vpi";
S_000001533810a2a0 .scope module, "MIPS32_PIP_tb" "MIPS32_PIP_tb" 2 3;
 .timescale 0 0;
v000001533816d160_0 .var "clk1", 0 0;
v000001533816c300_0 .var "clk2", 0 0;
v000001533816c4e0_0 .var/i "k", 31 0;
S_000001533810a430 .scope module, "DUT" "MIPS32_PIP" 2 8, 3 1 0, S_000001533810a2a0;
 .timescale 0 0;
    .port_info 0 /INPUT 1 "clk1";
    .port_info 1 /INPUT 1 "clk2";
P_00000153380c2b70 .param/l "ADD" 0 3 18, C4<000000>;
P_00000153380c2ba8 .param/l "ADDI" 0 3 18, C4<001010>;
P_00000153380c2be0 .param/l "AND" 0 3 18, C4<000010>;
P_00000153380c2c18 .param/l "BEQZ" 0 3 18, C4<001110>;
P_00000153380c2c50 .param/l "BNEQZ" 0 3 18, C4<001101>;
P_00000153380c2c88 .param/l "BRANCH" 0 3 19, C4<100>;
P_00000153380c2cc0 .param/l "HALT" 0 3 19, C4<101>;
P_00000153380c2cf8 .param/l "HLT" 0 3 18, C4<111111>;
P_00000153380c2d30 .param/l "LOAD" 0 3 19, C4<010>;
P_00000153380c2d68 .param/l "LW" 0 3 18, C4<001000>;
P_00000153380c2da0 .param/l "MUL" 0 3 18, C4<000101>;
P_00000153380c2dd8 .param/l "OR" 0 3 18, C4<000011>;
P_00000153380c2e10 .param/l "RM_ALU" 0 3 19, C4<001>;
P_00000153380c2e48 .param/l "RR_ALU" 0 3 19, C4<000>;
P_00000153380c2e80 .param/l "SLT" 0 3 18, C4<000100>;
P_00000153380c2eb8 .param/l "SLTI" 0 3 18, C4<001100>;
P_00000153380c2ef0 .param/l "STORE" 0 3 19, C4<011>;
P_00000153380c2f28 .param/l "SUB" 0 3 18, C4<000001>;
P_00000153380c2f60 .param/l "SUBI" 0 3 18, C4<001011>;
P_00000153380c2f98 .param/l "SW" 0 3 18, C4<001001>;
v00000153380ec970_0 .var "BRDT", 0 0;
v00000153380eea30_0 .var "EX_MEM_ALUout", 31 0;
v00000153380e8660_0 .var "EX_MEM_B", 31 0;
v0000015338113fc0_0 .var "EX_MEM_COND", 31 0;
v0000015338114060_0 .var "EX_MEM_IR", 31 0;
v000001533810a5c0_0 .var "EX_MEM_TYPE", 2 0;
v000001533810a660_0 .var "HLTDT", 0 0;
v00000153380f4570_0 .var "ID_EX_A", 31 0;
v00000153380f4610_0 .var "ID_EX_B", 31 0;
v00000153380f46b0_0 .var "ID_EX_IMM", 31 0;
v00000153380f4750_0 .var "ID_EX_IR", 31 0;
v000001533816c030_0 .var "ID_EX_NPC", 31 0;
v000001533816c0d0_0 .var "ID_EX_TYPE", 2 0;
v000001533816c170_0 .var "IF_ID_IR", 31 0;
v000001533816c210_0 .var "IF_ID_NPC", 31 0;
v000001533816c9e0_0 .var "MEM_WB_ALUout", 31 0;
v000001533816d0c0_0 .var "MEM_WB_IR", 31 0;
v000001533816c940_0 .var "MEM_WB_LMD", 31 0;
v000001533816c8a0_0 .var "MEM_WB_TYPE", 2 0;
v000001533816c800 .array "Mem", 1023 0, 31 0;
v000001533816d020_0 .var "PC", 31 0;
v000001533816c760 .array "Reg", 31 0, 31 0;
v000001533816c440_0 .net "clk1", 0 0, v000001533816d160_0;  1 drivers
v000001533816cf80_0 .net "clk2", 0 0, v000001533816c300_0;  1 drivers
E_00000153380e7bb0 .event posedge, v000001533816c440_0;
E_00000153380e7f70 .event posedge, v000001533816cf80_0;
    .scope S_000001533810a430;
T_0 ;
    %wait E_00000153380e7bb0;
    %load/vec4 v000001533810a660_0;
    %nor/r;
    %flag_set/vec4 8;
    %jmp/0xz  T_0.0, 8;
    %load/vec4 v0000015338114060_0;
    %parti/s 6, 26, 6;
    %cmpi/e 14, 0, 6;
    %flag_get/vec4 4;
    %jmp/0 T_0.5, 4;
    %load/vec4 v0000015338113fc0_0;
    %pushi/vec4 1, 0, 32;
    %cmp/e;
    %flag_get/vec4 4;
    %and;
T_0.5;
    %flag_set/vec4 8;
    %jmp/1 T_0.4, 8;
    %load/vec4 v0000015338114060_0;
    %parti/s 6, 26, 6;
    %cmpi/e 13, 0, 6;
    %flag_get/vec4 4;
    %jmp/0 T_0.6, 4;
    %load/vec4 v0000015338113fc0_0;
    %pushi/vec4 0, 0, 32;
    %cmp/e;
    %flag_get/vec4 4;
    %and;
T_0.6;
    %flag_set/vec4 9;
    %flag_or 8, 9;
T_0.4;
    %jmp/0xz  T_0.2, 8;
    %pushi/vec4 1, 0, 1;
    %assign/vec4 v00000153380ec970_0, 1;
    %ix/getv 4, v00000153380eea30_0;
    %load/vec4a v000001533816c800, 4;
    %assign/vec4 v000001533816c170_0, 1;
    %load/vec4 v00000153380eea30_0;
    %assign/vec4 v000001533816c210_0, 1;
    %load/vec4 v00000153380eea30_0;
    %assign/vec4 v000001533816d020_0, 1;
    %jmp T_0.3;
T_0.2 ;
    %ix/getv 4, v000001533816d020_0;
    %load/vec4a v000001533816c800, 4;
    %assign/vec4 v000001533816c170_0, 1;
    %load/vec4 v000001533816d020_0;
    %addi 1, 0, 32;
    %assign/vec4 v000001533816c210_0, 1;
    %load/vec4 v000001533816d020_0;
    %addi 1, 0, 32;
    %assign/vec4 v000001533816d020_0, 1;
T_0.3 ;
T_0.0 ;
    %jmp T_0;
    .thread T_0;
    .scope S_000001533810a430;
T_1 ;
    %wait E_00000153380e7f70;
    %load/vec4 v000001533810a660_0;
    %nor/r;
    %flag_set/vec4 8;
    %jmp/0xz  T_1.0, 8;
    %load/vec4 v000001533816c210_0;
    %assign/vec4 v000001533816c030_0, 1;
    %load/vec4 v000001533816c170_0;
    %assign/vec4 v00000153380f4750_0, 1;
    %load/vec4 v000001533816c170_0;
    %parti/s 1, 15, 5;
    %replicate 16;
    %load/vec4 v000001533816c170_0;
    %parti/s 16, 0, 2;
    %concat/vec4; draw_concat_vec4
    %assign/vec4 v00000153380f46b0_0, 1;
    %load/vec4 v000001533816c170_0;
    %parti/s 5, 21, 6;
    %pad/u 7;
    %ix/vec4 4;
    %load/vec4a v000001533816c760, 4;
    %assign/vec4 v00000153380f4570_0, 1;
    %load/vec4 v000001533816c170_0;
    %parti/s 5, 16, 6;
    %pad/u 7;
    %ix/vec4 4;
    %load/vec4a v000001533816c760, 4;
    %assign/vec4 v00000153380f4610_0, 1;
    %delay 1, 0;
    %load/vec4 v000001533816c170_0;
    %parti/s 6, 26, 6;
    %dup/vec4;
    %pushi/vec4 0, 0, 6;
    %cmp/u;
    %jmp/1 T_1.2, 6;
    %dup/vec4;
    %pushi/vec4 1, 0, 6;
    %cmp/u;
    %jmp/1 T_1.3, 6;
    %dup/vec4;
    %pushi/vec4 2, 0, 6;
    %cmp/u;
    %jmp/1 T_1.4, 6;
    %dup/vec4;
    %pushi/vec4 3, 0, 6;
    %cmp/u;
    %jmp/1 T_1.5, 6;
    %dup/vec4;
    %pushi/vec4 4, 0, 6;
    %cmp/u;
    %jmp/1 T_1.6, 6;
    %dup/vec4;
    %pushi/vec4 5, 0, 6;
    %cmp/u;
    %jmp/1 T_1.7, 6;
    %dup/vec4;
    %pushi/vec4 10, 0, 6;
    %cmp/u;
    %jmp/1 T_1.8, 6;
    %dup/vec4;
    %pushi/vec4 11, 0, 6;
    %cmp/u;
    %jmp/1 T_1.9, 6;
    %dup/vec4;
    %pushi/vec4 12, 0, 6;
    %cmp/u;
    %jmp/1 T_1.10, 6;
    %dup/vec4;
    %pushi/vec4 63, 0, 6;
    %cmp/u;
    %jmp/1 T_1.11, 6;
    %dup/vec4;
    %pushi/vec4 8, 0, 6;
    %cmp/u;
    %jmp/1 T_1.12, 6;
    %dup/vec4;
    %pushi/vec4 9, 0, 6;
    %cmp/u;
    %jmp/1 T_1.13, 6;
    %dup/vec4;
    %pushi/vec4 14, 0, 6;
    %cmp/u;
    %jmp/1 T_1.14, 6;
    %dup/vec4;
    %pushi/vec4 13, 0, 6;
    %cmp/u;
    %jmp/1 T_1.15, 6;
    %pushi/vec4 5, 0, 3;
    %assign/vec4 v000001533816c0d0_0, 0;
    %jmp T_1.17;
T_1.2 ;
    %pushi/vec4 0, 0, 3;
    %assign/vec4 v000001533816c0d0_0, 0;
    %jmp T_1.17;
T_1.3 ;
    %pushi/vec4 0, 0, 3;
    %assign/vec4 v000001533816c0d0_0, 0;
    %jmp T_1.17;
T_1.4 ;
    %pushi/vec4 0, 0, 3;
    %assign/vec4 v000001533816c0d0_0, 0;
    %jmp T_1.17;
T_1.5 ;
    %pushi/vec4 0, 0, 3;
    %assign/vec4 v000001533816c0d0_0, 0;
    %jmp T_1.17;
T_1.6 ;
    %pushi/vec4 0, 0, 3;
    %assign/vec4 v000001533816c0d0_0, 0;
    %jmp T_1.17;
T_1.7 ;
    %pushi/vec4 0, 0, 3;
    %assign/vec4 v000001533816c0d0_0, 0;
    %jmp T_1.17;
T_1.8 ;
    %pushi/vec4 1, 0, 3;
    %assign/vec4 v000001533816c0d0_0, 0;
    %jmp T_1.17;
T_1.9 ;
    %pushi/vec4 1, 0, 3;
    %assign/vec4 v000001533816c0d0_0, 0;
    %jmp T_1.17;
T_1.10 ;
    %pushi/vec4 1, 0, 3;
    %assign/vec4 v000001533816c0d0_0, 0;
    %jmp T_1.17;
T_1.11 ;
    %pushi/vec4 5, 0, 3;
    %assign/vec4 v000001533816c0d0_0, 0;
    %jmp T_1.17;
T_1.12 ;
    %pushi/vec4 2, 0, 3;
    %assign/vec4 v000001533816c0d0_0, 0;
    %jmp T_1.17;
T_1.13 ;
    %pushi/vec4 3, 0, 3;
    %assign/vec4 v000001533816c0d0_0, 0;
    %jmp T_1.17;
T_1.14 ;
    %pushi/vec4 4, 0, 3;
    %assign/vec4 v000001533816c0d0_0, 0;
    %jmp T_1.17;
T_1.15 ;
    %pushi/vec4 4, 0, 3;
    %assign/vec4 v000001533816c0d0_0, 0;
    %jmp T_1.17;
T_1.17 ;
    %pop/vec4 1;
T_1.0 ;
    %jmp T_1;
    .thread T_1;
    .scope S_000001533810a430;
T_2 ;
    %wait E_00000153380e7bb0;
    %load/vec4 v000001533810a660_0;
    %nor/r;
    %flag_set/vec4 8;
    %jmp/0xz  T_2.0, 8;
    %load/vec4 v00000153380f4610_0;
    %assign/vec4 v00000153380e8660_0, 1;
    %load/vec4 v000001533816c0d0_0;
    %assign/vec4 v000001533810a5c0_0, 1;
    %load/vec4 v00000153380f4750_0;
    %assign/vec4 v0000015338114060_0, 1;
    %pushi/vec4 0, 0, 1;
    %assign/vec4 v00000153380ec970_0, 1;
    %load/vec4 v00000153380f4570_0;
    %nor/r;
    %pad/u 32;
    %assign/vec4 v0000015338113fc0_0, 1;
    %delay 1, 0;
    %load/vec4 v000001533816c0d0_0;
    %dup/vec4;
    %pushi/vec4 0, 0, 3;
    %cmp/u;
    %jmp/1 T_2.2, 6;
    %dup/vec4;
    %pushi/vec4 1, 0, 3;
    %cmp/u;
    %jmp/1 T_2.3, 6;
    %dup/vec4;
    %pushi/vec4 2, 0, 3;
    %cmp/u;
    %jmp/1 T_2.4, 6;
    %dup/vec4;
    %pushi/vec4 3, 0, 3;
    %cmp/u;
    %jmp/1 T_2.5, 6;
    %dup/vec4;
    %pushi/vec4 4, 0, 3;
    %cmp/u;
    %jmp/1 T_2.6, 6;
    %jmp T_2.7;
T_2.2 ;
    %load/vec4 v00000153380f4750_0;
    %parti/s 6, 26, 6;
    %dup/vec4;
    %pushi/vec4 0, 0, 6;
    %cmp/u;
    %jmp/1 T_2.8, 6;
    %dup/vec4;
    %pushi/vec4 1, 0, 6;
    %cmp/u;
    %jmp/1 T_2.9, 6;
    %dup/vec4;
    %pushi/vec4 2, 0, 6;
    %cmp/u;
    %jmp/1 T_2.10, 6;
    %dup/vec4;
    %pushi/vec4 3, 0, 6;
    %cmp/u;
    %jmp/1 T_2.11, 6;
    %dup/vec4;
    %pushi/vec4 4, 0, 6;
    %cmp/u;
    %jmp/1 T_2.12, 6;
    %dup/vec4;
    %pushi/vec4 5, 0, 6;
    %cmp/u;
    %jmp/1 T_2.13, 6;
    %pushi/vec4 4294967295, 4294967295, 32;
    %assign/vec4 v00000153380eea30_0, 0;
    %jmp T_2.15;
T_2.8 ;
    %load/vec4 v00000153380f4570_0;
    %load/vec4 v00000153380f4610_0;
    %add;
    %assign/vec4 v00000153380eea30_0, 0;
    %jmp T_2.15;
T_2.9 ;
    %load/vec4 v00000153380f4570_0;
    %load/vec4 v00000153380f4610_0;
    %sub;
    %assign/vec4 v00000153380eea30_0, 0;
    %jmp T_2.15;
T_2.10 ;
    %load/vec4 v00000153380f4570_0;
    %load/vec4 v00000153380f4610_0;
    %and;
    %assign/vec4 v00000153380eea30_0, 0;
    %jmp T_2.15;
T_2.11 ;
    %load/vec4 v00000153380f4570_0;
    %load/vec4 v00000153380f4610_0;
    %or;
    %assign/vec4 v00000153380eea30_0, 0;
    %jmp T_2.15;
T_2.12 ;
    %load/vec4 v00000153380f4570_0;
    %load/vec4 v00000153380f4610_0;
    %cmp/u;
    %flag_get/vec4 5;
    %pad/u 32;
    %assign/vec4 v00000153380eea30_0, 0;
    %jmp T_2.15;
T_2.13 ;
    %load/vec4 v00000153380f4570_0;
    %load/vec4 v00000153380f4610_0;
    %mul;
    %assign/vec4 v00000153380eea30_0, 0;
    %jmp T_2.15;
T_2.15 ;
    %pop/vec4 1;
    %jmp T_2.7;
T_2.3 ;
    %load/vec4 v00000153380f4750_0;
    %parti/s 6, 26, 6;
    %dup/vec4;
    %pushi/vec4 10, 0, 6;
    %cmp/u;
    %jmp/1 T_2.16, 6;
    %dup/vec4;
    %pushi/vec4 11, 0, 6;
    %cmp/u;
    %jmp/1 T_2.17, 6;
    %dup/vec4;
    %pushi/vec4 12, 0, 6;
    %cmp/u;
    %jmp/1 T_2.18, 6;
    %pushi/vec4 4294967295, 4294967295, 32;
    %assign/vec4 v00000153380eea30_0, 0;
    %jmp T_2.20;
T_2.16 ;
    %load/vec4 v00000153380f4570_0;
    %load/vec4 v00000153380f46b0_0;
    %add;
    %assign/vec4 v00000153380eea30_0, 0;
    %jmp T_2.20;
T_2.17 ;
    %load/vec4 v00000153380f4570_0;
    %load/vec4 v00000153380f46b0_0;
    %sub;
    %assign/vec4 v00000153380eea30_0, 0;
    %jmp T_2.20;
T_2.18 ;
    %load/vec4 v00000153380f4570_0;
    %load/vec4 v00000153380f46b0_0;
    %cmp/u;
    %flag_get/vec4 5;
    %pad/u 32;
    %assign/vec4 v00000153380eea30_0, 0;
    %jmp T_2.20;
T_2.20 ;
    %pop/vec4 1;
    %jmp T_2.7;
T_2.4 ;
    %load/vec4 v00000153380f4570_0;
    %load/vec4 v00000153380f46b0_0;
    %add;
    %assign/vec4 v00000153380eea30_0, 0;
    %jmp T_2.7;
T_2.5 ;
    %load/vec4 v00000153380f4570_0;
    %load/vec4 v00000153380f46b0_0;
    %add;
    %assign/vec4 v00000153380eea30_0, 0;
    %jmp T_2.7;
T_2.6 ;
    %load/vec4 v000001533816c030_0;
    %load/vec4 v00000153380f46b0_0;
    %add;
    %assign/vec4 v00000153380eea30_0, 0;
    %jmp T_2.7;
T_2.7 ;
    %pop/vec4 1;
T_2.0 ;
    %jmp T_2;
    .thread T_2;
    .scope S_000001533810a430;
T_3 ;
    %wait E_00000153380e7f70;
    %load/vec4 v000001533810a660_0;
    %nor/r;
    %flag_set/vec4 8;
    %jmp/0xz  T_3.0, 8;
    %load/vec4 v000001533810a5c0_0;
    %assign/vec4 v000001533816c8a0_0, 1;
    %load/vec4 v0000015338114060_0;
    %assign/vec4 v000001533816d0c0_0, 1;
    %delay 1, 0;
    %load/vec4 v000001533810a5c0_0;
    %dup/vec4;
    %pushi/vec4 0, 0, 3;
    %cmp/u;
    %jmp/1 T_3.2, 6;
    %dup/vec4;
    %pushi/vec4 1, 0, 3;
    %cmp/u;
    %jmp/1 T_3.3, 6;
    %dup/vec4;
    %pushi/vec4 2, 0, 3;
    %cmp/u;
    %jmp/1 T_3.4, 6;
    %dup/vec4;
    %pushi/vec4 3, 0, 3;
    %cmp/u;
    %jmp/1 T_3.5, 6;
    %jmp T_3.6;
T_3.2 ;
    %load/vec4 v00000153380eea30_0;
    %assign/vec4 v000001533816c9e0_0, 0;
    %jmp T_3.6;
T_3.3 ;
    %load/vec4 v00000153380eea30_0;
    %assign/vec4 v000001533816c9e0_0, 0;
    %jmp T_3.6;
T_3.4 ;
    %ix/getv 4, v00000153380eea30_0;
    %load/vec4a v000001533816c800, 4;
    %assign/vec4 v000001533816c940_0, 0;
    %jmp T_3.6;
T_3.5 ;
    %load/vec4 v00000153380ec970_0;
    %nor/r;
    %flag_set/vec4 8;
    %jmp/0xz  T_3.7, 8;
    %load/vec4 v00000153380e8660_0;
    %ix/getv 3, v00000153380eea30_0;
    %ix/load 4, 0, 0; Constant delay
    %assign/vec4/a/d v000001533816c800, 0, 4;
T_3.7 ;
    %jmp T_3.6;
T_3.6 ;
    %pop/vec4 1;
T_3.0 ;
    %jmp T_3;
    .thread T_3;
    .scope S_000001533810a430;
T_4 ;
    %wait E_00000153380e7bb0;
    %load/vec4 v00000153380ec970_0;
    %nor/r;
    %flag_set/vec4 8;
    %jmp/0xz  T_4.0, 8;
    %delay 1, 0;
    %load/vec4 v000001533816c8a0_0;
    %dup/vec4;
    %pushi/vec4 0, 0, 3;
    %cmp/u;
    %jmp/1 T_4.2, 6;
    %dup/vec4;
    %pushi/vec4 1, 0, 3;
    %cmp/u;
    %jmp/1 T_4.3, 6;
    %dup/vec4;
    %pushi/vec4 2, 0, 3;
    %cmp/u;
    %jmp/1 T_4.4, 6;
    %dup/vec4;
    %pushi/vec4 5, 0, 3;
    %cmp/u;
    %jmp/1 T_4.5, 6;
    %jmp T_4.6;
T_4.2 ;
    %load/vec4 v000001533816c9e0_0;
    %load/vec4 v000001533816d0c0_0;
    %parti/s 5, 11, 5;
    %pad/u 7;
    %ix/vec4 3;
    %ix/load 4, 0, 0; Constant delay
    %assign/vec4/a/d v000001533816c760, 0, 4;
    %jmp T_4.6;
T_4.3 ;
    %load/vec4 v000001533816c9e0_0;
    %load/vec4 v000001533816d0c0_0;
    %parti/s 5, 16, 6;
    %pad/u 7;
    %ix/vec4 3;
    %ix/load 4, 0, 0; Constant delay
    %assign/vec4/a/d v000001533816c760, 0, 4;
    %jmp T_4.6;
T_4.4 ;
    %load/vec4 v000001533816c940_0;
    %load/vec4 v000001533816d0c0_0;
    %parti/s 5, 16, 6;
    %pad/u 7;
    %ix/vec4 3;
    %ix/load 4, 0, 0; Constant delay
    %assign/vec4/a/d v000001533816c760, 0, 4;
    %jmp T_4.6;
T_4.5 ;
    %pushi/vec4 1, 0, 1;
    %assign/vec4 v000001533810a660_0, 0;
    %jmp T_4.6;
T_4.6 ;
    %pop/vec4 1;
T_4.0 ;
    %jmp T_4;
    .thread T_4;
    .scope S_000001533810a2a0;
T_5 ;
    %pushi/vec4 20, 0, 32;
T_5.0 %dup/vec4;
    %pushi/vec4 0, 0, 32;
    %cmp/s;
    %jmp/1xz T_5.1, 5;
    %jmp/1 T_5.1, 4;
    %pushi/vec4 1, 0, 32;
    %sub;
    %pushi/vec4 0, 0, 1;
    %store/vec4 v000001533816d160_0, 0, 1;
    %pushi/vec4 0, 0, 1;
    %store/vec4 v000001533816c300_0, 0, 1;
    %delay 5, 0;
    %pushi/vec4 1, 0, 1;
    %store/vec4 v000001533816d160_0, 0, 1;
    %delay 5, 0;
    %pushi/vec4 0, 0, 1;
    %store/vec4 v000001533816d160_0, 0, 1;
    %delay 5, 0;
    %pushi/vec4 1, 0, 1;
    %store/vec4 v000001533816c300_0, 0, 1;
    %delay 5, 0;
    %pushi/vec4 0, 0, 1;
    %store/vec4 v000001533816c300_0, 0, 1;
    %jmp T_5.0;
T_5.1 ;
    %pop/vec4 1;
    %end;
    .thread T_5;
    .scope S_000001533810a2a0;
T_6 ;
    %pushi/vec4 0, 0, 32;
    %store/vec4 v000001533816c4e0_0, 0, 32;
T_6.0 ;
    %load/vec4 v000001533816c4e0_0;
    %cmpi/s 20, 0, 32;
    %jmp/0xz T_6.1, 5;
    %load/vec4 v000001533816c4e0_0;
    %ix/getv/s 4, v000001533816c4e0_0;
    %store/vec4a v000001533816c760, 4, 0;
    ; show_stmt_assign_vector: Get l-value for compressed += operand
    %load/vec4 v000001533816c4e0_0;
    %pushi/vec4 1, 0, 32;
    %add;
    %store/vec4 v000001533816c4e0_0, 0, 32;
    %jmp T_6.0;
T_6.1 ;
    %pushi/vec4 671154186, 0, 32;
    %ix/load 4, 0, 0;
    %flag_set/imm 4, 0;
    %store/vec4a v000001533816c800, 4, 0;
    %pushi/vec4 671219732, 0, 32;
    %ix/load 4, 1, 0;
    %flag_set/imm 4, 0;
    %store/vec4a v000001533816c800, 4, 0;
    %pushi/vec4 671285273, 0, 32;
    %ix/load 4, 2, 0;
    %flag_set/imm 4, 0;
    %store/vec4a v000001533816c800, 4, 0;
    %pushi/vec4 216496128, 0, 32;
    %ix/load 4, 3, 0;
    %flag_set/imm 4, 0;
    %store/vec4a v000001533816c800, 4, 0;
    %pushi/vec4 216496128, 0, 32;
    %ix/load 4, 4, 0;
    %flag_set/imm 4, 0;
    %store/vec4a v000001533816c800, 4, 0;
    %pushi/vec4 2236416, 0, 32;
    %ix/load 4, 5, 0;
    %flag_set/imm 4, 0;
    %store/vec4a v000001533816c800, 4, 0;
    %pushi/vec4 216496128, 0, 32;
    %ix/load 4, 6, 0;
    %flag_set/imm 4, 0;
    %store/vec4a v000001533816c800, 4, 0;
    %pushi/vec4 8595456, 0, 32;
    %ix/load 4, 7, 0;
    %flag_set/imm 4, 0;
    %store/vec4a v000001533816c800, 4, 0;
    %pushi/vec4 4227858432, 0, 32;
    %ix/load 4, 8, 0;
    %flag_set/imm 4, 0;
    %store/vec4a v000001533816c800, 4, 0;
    %pushi/vec4 0, 0, 1;
    %store/vec4 v000001533810a660_0, 0, 1;
    %pushi/vec4 0, 0, 32;
    %store/vec4 v000001533816d020_0, 0, 32;
    %pushi/vec4 0, 0, 1;
    %store/vec4 v00000153380ec970_0, 0, 1;
    %delay 280, 0;
    %pushi/vec4 0, 0, 32;
    %store/vec4 v000001533816c4e0_0, 0, 32;
T_6.2 ;
    %load/vec4 v000001533816c4e0_0;
    %cmpi/s 6, 0, 32;
    %jmp/0xz T_6.3, 5;
    %vpi_call 2 39 "$display", "R%1d - %2d", v000001533816c4e0_0, &A<v000001533816c760, v000001533816c4e0_0 > {0 0 0};
    ; show_stmt_assign_vector: Get l-value for compressed += operand
    %load/vec4 v000001533816c4e0_0;
    %pushi/vec4 1, 0, 32;
    %add;
    %store/vec4 v000001533816c4e0_0, 0, 32;
    %jmp T_6.2;
T_6.3 ;
    %end;
    .thread T_6;
    .scope S_000001533810a2a0;
T_7 ;
    %vpi_call 2 44 "$dumpfile", "pip.vcd" {0 0 0};
    %vpi_call 2 45 "$dumpvars", 32'sb00000000000000000000000000000000, S_000001533810a2a0 {0 0 0};
    %delay 300, 0;
    %vpi_call 2 46 "$finish" {0 0 0};
    %end;
    .thread T_7;
# The file index is used to find the file name in the following table.
:file_names 4;
    "N/A";
    "<interactive>";
    "RISC_top_tb.v";
    "./RISC_top.v";
